0 info it worked if it ends with ok
1 verbose cli [ '/home/simon/.nvm/versions/io.js/v1.2.0/bin/iojs',
1 verbose cli   '/home/simon/.nvm/versions/io.js/v1.2.0/bin/npm',
1 verbose cli   'run',
1 verbose cli   'develop' ]
2 info using npm@2.5.1
3 info using node@v1.2.0
4 verbose stack Error: missing script: develop
4 verbose stack     at run (/home/simon/.nvm/versions/io.js/v1.2.0/lib/node_modules/npm/lib/run-script.js:138:19)
4 verbose stack     at /home/simon/.nvm/versions/io.js/v1.2.0/lib/node_modules/npm/lib/run-script.js:81:5
4 verbose stack     at /home/simon/.nvm/versions/io.js/v1.2.0/lib/node_modules/npm/node_modules/read-package-json/read-json.js:51:40
4 verbose stack     at final (/home/simon/.nvm/versions/io.js/v1.2.0/lib/node_modules/npm/node_modules/read-package-json/read-json.js:349:17)
4 verbose stack     at then (/home/simon/.nvm/versions/io.js/v1.2.0/lib/node_modules/npm/node_modules/read-package-json/read-json.js:126:33)
4 verbose stack     at /home/simon/.nvm/versions/io.js/v1.2.0/lib/node_modules/npm/node_modules/read-package-json/read-json.js:331:40
4 verbose stack     at FSReqWrap.readFileAfterClose [as oncomplete] (evalmachine.<anonymous>:375:3)
5 verbose cwd /home/simon/projects/WebCola
6 error Linux 3.16.0-38-generic
7 error argv "/home/simon/.nvm/versions/io.js/v1.2.0/bin/iojs" "/home/simon/.nvm/versions/io.js/v1.2.0/bin/npm" "run" "develop"
8 error node v1.2.0
9 error npm  v2.5.1
10 error missing script: develop
11 error If you need help, you may report this error at:
11 error     <http://github.com/npm/npm/issues>
12 verbose exit [ 1, true ]
